<?xml version="1.0" encoding="UTF-8"?>
<testng-results ignored="0" total="1" passed="1" failed="0" skipped="0">
  <reporter-output>
  </reporter-output>
  <suite started-at="2024-03-26T20:27:02 IST" name="Surefire suite" finished-at="2024-03-26T20:27:17 IST" duration-ms="15006">
    <groups>
    </groups>
    <test started-at="2024-03-26T20:27:02 IST" name="Surefire test" finished-at="2024-03-26T20:27:17 IST" duration-ms="15006">
      <class name="demo.Test1">
        <test-method is-config="true" signature="setUp()[pri:0, instance:demo.Test1@2aa3cd93]" started-at="2024-03-26T20:27:02 IST" name="setUp" finished-at="2024-03-26T20:27:04 IST" duration-ms="1193" status="PASS">
          <reporter-output>
          </reporter-output>
        </test-method> <!-- setUp -->
        <test-method signature="test1()[pri:0, instance:demo.Test1@2aa3cd93]" started-at="2024-03-26T20:27:04 IST" name="test1" finished-at="2024-03-26T20:27:17 IST" duration-ms="13665" status="PASS">
          <reporter-output>
          </reporter-output>
        </test-method> <!-- test1 -->
        <test-method is-config="true" signature="tearDown()[pri:0, instance:demo.Test1@2aa3cd93]" started-at="2024-03-26T20:27:17 IST" name="tearDown" finished-at="2024-03-26T20:27:17 IST" duration-ms="125" status="PASS">
          <reporter-output>
          </reporter-output>
        </test-method> <!-- tearDown -->
      </class> <!-- demo.Test1 -->
    </test> <!-- Surefire test -->
  </suite> <!-- Surefire suite -->
</testng-results>
